<?xml version="1.0" encoding="UTF-8"?>
<!-- Generated by org.testng.reporters.JUnitXMLReporter -->
<testsuite hostname="NTS5CG7321YLY" ignored="0" name="S4B Cucumber Tests" tests="9" failures="0" timestamp="04 Oca 2019 21:20:41 GMT" time="358.428" errors="0">
  <testcase name="feature" time="37.344" classname="cucumber.api.testng.AbstractTestNGCucumberTests"/>
  <testcase name="feature" time="26.704" classname="cucumber.api.testng.AbstractTestNGCucumberTests"/>
  <testcase name="feature" time="22.759" classname="cucumber.api.testng.AbstractTestNGCucumberTests"/>
  <testcase name="feature" time="45.562" classname="cucumber.api.testng.AbstractTestNGCucumberTests"/>
  <testcase name="feature" time="43.947" classname="cucumber.api.testng.AbstractTestNGCucumberTests"/>
  <testcase name="feature" time="12.893" classname="cucumber.api.testng.AbstractTestNGCucumberTests"/>
  <testcase name="feature" time="25.62" classname="cucumber.api.testng.AbstractTestNGCucumberTests"/>
  <testcase name="feature" time="77.578" classname="cucumber.api.testng.AbstractTestNGCucumberTests"/>
  <testcase name="feature" time="65.407" classname="cucumber.api.testng.AbstractTestNGCucumberTests"/>
</testsuite> <!-- S4B Cucumber Tests -->
