<?xml version="1.0" encoding="UTF-8"?>
<!-- Generated by org.testng.reporters.JUnitXMLReporter -->
<testsuite hostname="NTS5CG7321YLY" ignored="0" name="S4B Cucumber Tests" tests="9" failures="0" timestamp="04 Oca 2019 23:20:40 GMT" time="366.087" errors="0">
  <testcase name="feature" time="42.752" classname="cucumber.api.testng.AbstractTestNGCucumberTests"/>
  <testcase name="feature" time="26.699" classname="cucumber.api.testng.AbstractTestNGCucumberTests"/>
  <testcase name="feature" time="23.018" classname="cucumber.api.testng.AbstractTestNGCucumberTests"/>
  <testcase name="feature" time="45.979" classname="cucumber.api.testng.AbstractTestNGCucumberTests"/>
  <testcase name="feature" time="42.736" classname="cucumber.api.testng.AbstractTestNGCucumberTests"/>
  <testcase name="feature" time="13.937" classname="cucumber.api.testng.AbstractTestNGCucumberTests"/>
  <testcase name="feature" time="25.46" classname="cucumber.api.testng.AbstractTestNGCucumberTests"/>
  <testcase name="feature" time="77.94" classname="cucumber.api.testng.AbstractTestNGCucumberTests"/>
  <testcase name="feature" time="67.013" classname="cucumber.api.testng.AbstractTestNGCucumberTests"/>
</testsuite> <!-- S4B Cucumber Tests -->
