<?xml version="1.0" encoding="UTF-8"?>
<!-- Generated by org.testng.reporters.JUnitXMLReporter -->
<testsuite hostname="NTS5CG7321YLY" ignored="0" name="Default test" tests="3" failures="0" timestamp="02 Oca 2019 08:38:46 GMT" time="117.511" errors="0">
  <testcase name="feature" time="67.236" classname="cucumber.api.testng.AbstractTestNGCucumberTests"/>
  <testcase name="feature" time="28.453" classname="cucumber.api.testng.AbstractTestNGCucumberTests"/>
  <testcase name="feature" time="21.46" classname="cucumber.api.testng.AbstractTestNGCucumberTests"/>
</testsuite> <!-- Default test -->
