<?xml version="1.0" encoding="UTF-8"?>
<!-- Generated by org.testng.reporters.JUnitXMLReporter -->
<testsuite hostname="NTS5CG7321YLY" ignored="0" name="Default test" tests="4" failures="0" timestamp="06 Oca 2019 20:20:39 GMT" time="173.234" errors="0">
  <testcase name="feature" time="49.239" classname="com.github.mkolisnyk.cucumber.runner.ExtendedTestNGRunner"/>
  <testcase name="feature" time="13.976" classname="com.github.mkolisnyk.cucumber.runner.ExtendedTestNGRunner"/>
  <testcase name="feature" time="25.612" classname="com.github.mkolisnyk.cucumber.runner.ExtendedTestNGRunner"/>
  <testcase name="feature" time="77.616" classname="com.github.mkolisnyk.cucumber.runner.ExtendedTestNGRunner"/>
</testsuite> <!-- Default test -->
