<?xml version="1.0" encoding="UTF-8"?>
<testng-results skipped="0" failed="0" ignored="0" total="1" passed="1">
  <reporter-output>
  </reporter-output>
  <suite name="Default suite" duration-ms="58986" started-at="2018-12-31T10:12:28Z" finished-at="2018-12-31T10:13:27Z">
    <groups>
      <group name="cucumber">
        <method signature="AbstractTestNGCucumberTests.feature(cucumber.api.testng.CucumberFeatureWrapper)[pri:0, instance:runners.Test_Test1@52a86356]" name="feature" class="cucumber.api.testng.AbstractTestNGCucumberTests"/>
      </group> <!-- cucumber -->
    </groups>
    <test name="Default test" duration-ms="58986" started-at="2018-12-31T10:12:28Z" finished-at="2018-12-31T10:13:27Z">
      <class name="runners.Test_Test1">
        <test-method status="PASS" signature="setUpClass()[pri:0, instance:runners.Test_Test1@52a86356]" name="setUpClass" is-config="true" duration-ms="226" started-at="2018-12-31T10:12:28Z" finished-at="2018-12-31T10:12:29Z">
          <reporter-output>
          </reporter-output>
        </test-method> <!-- setUpClass -->
        <test-method status="PASS" signature="feature(cucumber.api.testng.CucumberFeatureWrapper)[pri:0, instance:runners.Test_Test1@52a86356]" name="feature" duration-ms="58644" started-at="2018-12-31T10:12:29Z" description="Runs Cucumber Feature" data-provider="features" finished-at="2018-12-31T10:13:27Z">
          <params>
            <param index="0">
              <value>
                <![CDATA[Verify User A can search and view the details of a contact.]]>
              </value>
            </param>
          </params>
          <reporter-output>
          </reporter-output>
        </test-method> <!-- feature -->
        <test-method status="PASS" signature="tearDownClass()[pri:0, instance:runners.Test_Test1@52a86356]" name="tearDownClass" is-config="true" duration-ms="33" started-at="2018-12-31T10:13:27Z" finished-at="2018-12-31T10:13:27Z">
          <reporter-output>
          </reporter-output>
        </test-method> <!-- tearDownClass -->
      </class> <!-- runners.Test_Test1 -->
    </test> <!-- Default test -->
  </suite> <!-- Default suite -->
</testng-results>
